<?xml version="1.0" encoding="UTF-8"?>
<!-- Generated by org.testng.reporters.JUnitXMLReporter -->
<testsuite ignored="2" hostname="LAPTOP-1ELAPOQP" failures="0" tests="1" name="HTML Basic page" time="74.18" errors="0" timestamp="2022-11-21T12:10:12 IST">
  <testcase classname="SeleniumExamples.TestNG_EnableDisableTests" name="verifyHTMLBasicsPage" time="1.37"/>
  <testcase classname="SeleniumExamples.TestNG_EnableDisableTests" name="verifyHomePage" time="0.0">
    <ignored/>
  </testcase> <!-- verifyHomePage -->
  <testcase classname="SeleniumExamples.TestNG_EnableDisableTests" name="verifyHTMLLinksPage" time="0.0">
    <ignored/>
  </testcase> <!-- verifyHTMLLinksPage -->
</testsuite> <!-- HTML Basic page -->
