<?xml version="1.0" encoding="UTF-8"?>
<!-- Generated by org.testng.reporters.JUnitXMLReporter -->
<testsuite ignored="2" hostname="LAPTOP-1ELAPOQP" failures="0" tests="1" name="HTML links page" time="58.021" errors="0" timestamp="2022-11-21T12:11:10 IST">
  <testcase classname="SeleniumExamples.TestNG_EnableDisableTests" name="verifyHTMLLinksPage" time="1.246"/>
  <testcase classname="SeleniumExamples.TestNG_EnableDisableTests" name="verifyHTMLBasicsPage" time="0.0">
    <ignored/>
  </testcase> <!-- verifyHTMLBasicsPage -->
  <testcase classname="SeleniumExamples.TestNG_EnableDisableTests" name="verifyHomePage" time="0.0">
    <ignored/>
  </testcase> <!-- verifyHomePage -->
</testsuite> <!-- HTML links page -->
